<?xml version="1.0" encoding="UTF-8"?>
<testng-results ignored="0" total="2" passed="2" failed="0" skipped="0">
  <reporter-output>
  </reporter-output>
  <suite started-at="2024-11-20T17:21:37 IST" name="Suite" finished-at="2024-11-20T17:21:42 IST" duration-ms="5114">
    <groups>
    </groups>
    <test started-at="2024-11-20T17:21:37 IST" name="Test" finished-at="2024-11-20T17:21:42 IST" duration-ms="5114">
      <class name="cucumberintro.table">
        <test-method signature="get()[pri:0, instance:cucumberintro.table@e15b7e8]" started-at="2024-11-20T17:21:37 IST" name="get" finished-at="2024-11-20T17:21:42 IST" duration-ms="5078" status="PASS">
          <reporter-output>
          </reporter-output>
        </test-method> <!-- get -->
      </class> <!-- cucumberintro.table -->
      <class name="cucumberintro.demo1">
        <test-method signature="login()[pri:0, instance:cucumberintro.demo1@31fa1761]" started-at="2024-11-20T17:21:37 IST" name="login" finished-at="2024-11-20T17:21:40 IST" duration-ms="2733" status="PASS">
          <reporter-output>
          </reporter-output>
        </test-method> <!-- login -->
      </class> <!-- cucumberintro.demo1 -->
    </test> <!-- Test -->
  </suite> <!-- Suite -->
</testng-results>
